2025-08-30 14:36:20,092 [INFO] Activator:176 - 


2025-08-30 14:36:20,093 [INFO] Activator:177 - !SESSION log4j initialized
2025-08-30 14:36:21,997 [INFO] LogOutputStream:77 - [STDOUT_REDIRECT] 
2025-08-30 14:36:24,120 [INFO] ApplicationProperties:184 - Using Application install path: /opt/st/stm32cubeide_1.19.0/plugins/com.st.stm32cube.common.mx_6.15.0.202507011659
2025-08-30 14:36:24,129 [INFO] DbMcusXml:78 - Set database path to: /opt/st/stm32cubeide_1.19.0/plugins/com.st.stm32cube.common.mx_6.15.0.202507011659//db//mcu/
2025-08-30 14:36:24,129 [INFO] ApiDb:274 - Set plugin database path to: /opt/st/stm32cubeide_1.19.0/plugins/com.st.stm32cube.common.mx_6.15.0.202507011659//db//plugins/boardmanager/
2025-08-30 14:36:24,129 [WARN] ApiDb:259 - Overriding images path with different value:  => /opt/st/stm32cubeide_1.19.0/plugins/com.st.stm32cube.common.mx_6.15.0.202507011659//db//plugins/mcufinder/images/
2025-08-30 14:36:24,131 [INFO] ApiDb:250 - Set database path to: /home/tomas1908/.stmcufinder/plugins/mcufinder//mcu/
2025-08-30 14:36:24,132 [INFO] DbMcusAds:125 - Set database path to: /home/tomas1908/.stmcufinder/plugins/mcufinder//mcu/
2025-08-30 14:36:24,133 [INFO] CrossReferenceDbSqlite:203 - Set database path to: /home/tomas1908/.stmcufinder/plugins/mcufinder//mcu/cs/
2025-08-30 14:36:24,215 [INFO] RulesReader:64 - Compatibility file has been processed (317 Rules)
2025-08-30 14:36:24,253 [INFO] DbMcusXml:78 - Set database path to: /opt/st/stm32cubeide_1.19.0/plugins/com.st.stm32cube.common.mx_6.15.0.202507011659//db//mcu/
2025-08-30 14:36:24,254 [INFO] ApiDb:274 - Set plugin database path to: /opt/st/stm32cubeide_1.19.0/plugins/com.st.stm32cube.common.mx_6.15.0.202507011659//db//plugins/boardmanager/
2025-08-30 14:36:24,254 [INFO] ApiDb:261 - Set plugin images path to: /opt/st/stm32cubeide_1.19.0/plugins/com.st.stm32cube.common.mx_6.15.0.202507011659//db//plugins/mcufinder/images/
2025-08-30 14:36:24,254 [WARN] DbFile:41 - Overriding database path with different value: /home/tomas1908/.stmcufinder/plugins/mcufinder/ => /home/tomas1908/.stmcufinder/plugins/mcufinder
2025-08-30 14:36:24,254 [INFO] ApiDb:250 - Set database path to: /home/tomas1908/.stmcufinder/plugins/mcufinder//mcu/
2025-08-30 14:36:24,254 [WARN] DbFile:41 - Overriding database path with different value: /home/tomas1908/.stmcufinder/plugins/mcufinder/ => /home/tomas1908/.stmcufinder/plugins/mcufinder
2025-08-30 14:36:24,254 [INFO] DbMcusAds:125 - Set database path to: /home/tomas1908/.stmcufinder/plugins/mcufinder//mcu/
2025-08-30 14:36:24,254 [WARN] DbFile:41 - Overriding database path with different value: /home/tomas1908/.stmcufinder/plugins/mcufinder/ => /home/tomas1908/.stmcufinder/plugins/mcufinder
2025-08-30 14:36:24,254 [WARN] DbFile:41 - Overriding database path with different value: /home/tomas1908/.stmcufinder/plugins/mcufinder/ => /home/tomas1908/.stmcufinder/plugins/mcufinder
2025-08-30 14:36:24,254 [INFO] CrossReferenceDbSqlite:203 - Set database path to: /home/tomas1908/.stmcufinder/plugins/mcufinder//mcu/cs/
2025-08-30 14:36:24,293 [INFO] MainPanel:274 - HeapMemory: 268435456
2025-08-30 14:36:24,358 [INFO] DbMcusXml:78 - Set database path to: /opt/st/stm32cubeide_1.19.0/plugins/com.st.stm32cube.common.mx_6.15.0.202507011659//db//mcu/
2025-08-30 14:36:24,358 [INFO] ApiDb:274 - Set plugin database path to: /opt/st/stm32cubeide_1.19.0/plugins/com.st.stm32cube.common.mx_6.15.0.202507011659//db//plugins/boardmanager/
2025-08-30 14:36:24,358 [INFO] ApiDb:261 - Set plugin images path to: /opt/st/stm32cubeide_1.19.0/plugins/com.st.stm32cube.common.mx_6.15.0.202507011659//db//plugins/mcufinder/images/
2025-08-30 14:36:24,358 [WARN] DbFile:41 - Overriding database path with different value: /home/tomas1908/.stmcufinder/plugins/mcufinder/ => /home/tomas1908/.stmcufinder/plugins/mcufinder
2025-08-30 14:36:24,358 [INFO] ApiDb:250 - Set database path to: /home/tomas1908/.stmcufinder/plugins/mcufinder//mcu/
2025-08-30 14:36:24,358 [WARN] DbFile:41 - Overriding database path with different value: /home/tomas1908/.stmcufinder/plugins/mcufinder/ => /home/tomas1908/.stmcufinder/plugins/mcufinder
2025-08-30 14:36:24,358 [INFO] DbMcusAds:125 - Set database path to: /home/tomas1908/.stmcufinder/plugins/mcufinder//mcu/
2025-08-30 14:36:24,358 [WARN] DbFile:41 - Overriding database path with different value: /home/tomas1908/.stmcufinder/plugins/mcufinder/ => /home/tomas1908/.stmcufinder/plugins/mcufinder
2025-08-30 14:36:24,359 [WARN] DbFile:41 - Overriding database path with different value: /home/tomas1908/.stmcufinder/plugins/mcufinder/ => /home/tomas1908/.stmcufinder/plugins/mcufinder
2025-08-30 14:36:24,359 [INFO] CrossReferenceDbSqlite:203 - Set database path to: /home/tomas1908/.stmcufinder/plugins/mcufinder//mcu/cs/
2025-08-30 14:36:24,367 [INFO] ApplicationProperties:184 - Using Application install path: /opt/st/stm32cubeide_1.19.0/plugins/com.st.stm32cube.common.mx_6.15.0.202507011659
2025-08-30 14:36:24,368 [INFO] PluginManage:196 - Search for loadable plugins [exclusion list=, ]
2025-08-30 14:36:24,369 [INFO] PluginManage:310 - Check plugin analytics
2025-08-30 14:36:24,468 [INFO] AnalyticsPlugin:253 - Accepted Software Licenses: 
2025-08-30 14:36:24,468 [INFO] AnalyticsPlugin:255 - Accepted CMSIS Pack Licenses: 
2025-08-30 14:36:24,468 [INFO] AnalyticsPlugin:257 - Accepted Firmware Licenses: FW.F4.1.28.0
2025-08-30 14:36:24,470 [INFO] PluginManage:359 - Loaded plugin analytics (category:tool,tabindex:-1)
2025-08-30 14:36:24,470 [INFO] PluginManage:310 - Check plugin cadmodel
2025-08-30 14:36:24,473 [INFO] CADModel:105 - Init CAD model plugin
2025-08-30 14:36:24,473 [INFO] PluginManage:359 - Loaded plugin cadmodel (category:power,tabindex:5)
2025-08-30 14:36:24,473 [INFO] PluginManage:310 - Check plugin clock
2025-08-30 14:36:24,479 [INFO] PluginManage:359 - Loaded plugin clock (category:base,tabindex:2)
2025-08-30 14:36:24,479 [INFO] PluginManage:310 - Check plugin ddr
2025-08-30 14:36:24,481 [INFO] PluginManage:359 - Loaded plugin ddr (category:tool,tabindex:6)
2025-08-30 14:36:24,481 [INFO] PluginManage:310 - Check plugin filemanager
2025-08-30 14:36:24,596 [INFO] PluginManage:359 - Loaded plugin filemanager (category:base,tabindex:10)
2025-08-30 14:36:24,596 [INFO] PluginManage:310 - Check plugin ipmanager
2025-08-30 14:36:24,599 [INFO] PluginManage:359 - Loaded plugin ipmanager (category:base,tabindex:5)
2025-08-30 14:36:24,599 [INFO] PluginManage:310 - Check plugin lpbam
2025-08-30 14:36:24,604 [INFO] PluginManage:359 - Loaded plugin lpbam (category:base,tabindex:0)
2025-08-30 14:36:24,605 [INFO] PluginManage:310 - Check plugin memorymap
2025-08-30 14:36:24,612 [INFO] PluginManage:359 - Loaded plugin memorymap (category:base,tabindex:4)
2025-08-30 14:36:24,613 [INFO] PluginManage:310 - Check plugin pinoutandconfiguration
2025-08-30 14:36:24,617 [INFO] PluginManage:359 - Loaded plugin pinoutandconfiguration (category:base,tabindex:1)
2025-08-30 14:36:24,617 [INFO] PluginManage:310 - Check plugin pinoutconfig
2025-08-30 14:36:24,663 [WARN] SupportedApi:132 - Cannot load RTOS API schema: s4s-elt-must-match.1: The content of 'definitions' must match (annotation?, (simpleType | complexType)?, (unique | key | keyref)*)). A problem was found starting at: attribute.
2025-08-30 14:36:24,793 [INFO] PluginManage:359 - Loaded plugin pinoutconfig (category:base,tabindex:0)
2025-08-30 14:36:24,793 [INFO] PluginManage:310 - Check plugin power
2025-08-30 14:36:24,798 [INFO] PluginManage:359 - Loaded plugin power (category:power,tabindex:4)
2025-08-30 14:36:24,799 [INFO] PluginManage:310 - Check plugin projectmanager
2025-08-30 14:36:24,809 [INFO] PluginManage:359 - Loaded plugin projectmanager (category:projectmanager,tabindex:4)
2025-08-30 14:36:24,809 [INFO] PluginManage:310 - Check plugin rif
2025-08-30 14:36:24,814 [INFO] PluginManage:359 - Loaded plugin rif (category:base,tabindex:3)
2025-08-30 14:36:24,814 [INFO] PluginManage:310 - Check plugin thirdparty
2025-08-30 14:36:24,884 [INFO] PluginManage:359 - Loaded plugin thirdparty (category:base,tabindex:-1)
2025-08-30 14:36:24,884 [WARN] IntegrityCheckThread:84 - waiting for thirdparty lock release [integrity check]
2025-08-30 14:36:24,884 [INFO] PluginManage:310 - Check plugin tools
2025-08-30 14:36:24,884 [INFO] IntegrityCheckThread:86 - entering critical section [integrity check]
2025-08-30 14:36:24,884 [INFO] ThirdPartyUpdaterWithRetryManager:70 - Updater plugin not ready yet. [1/15]
2025-08-30 14:36:24,885 [INFO] PluginManage:359 - Loaded plugin tools (category:base,tabindex:7)
2025-08-30 14:36:24,885 [INFO] PluginManage:310 - Check plugin tutovideos
2025-08-30 14:36:24,982 [INFO] PluginManage:359 - Loaded plugin tutovideos (category:base,tabindex:-1)
2025-08-30 14:36:24,982 [INFO] PluginManage:310 - Check plugin updater
2025-08-30 14:36:24,994 [INFO] PluginManage:359 - Loaded plugin updater (category:base,tabindex:12)
2025-08-30 14:36:24,994 [INFO] PluginManage:310 - Check plugin userauth
2025-08-30 14:36:24,996 [INFO] UserAuth:118 - Init User Auth plugin
2025-08-30 14:36:24,997 [INFO] PluginManage:359 - Loaded plugin userauth (category:base,tabindex:14)
2025-08-30 14:36:24,997 [INFO] PluginManage:283 - PluginManage : Loaded plugins [18]
2025-08-30 14:36:25,090 [INFO] PinOutPanel:1589 - setPackage(No Configuration,No Configuration)
2025-08-30 14:36:25,132 [INFO] CADModel:165 - CPN selected for project level
2025-08-30 14:36:25,132 [INFO] CADModel:114 - Register for checkConnection events
2025-08-30 14:36:25,139 [INFO] IPUIPlugin:80 - create IPUIPlugin
2025-08-30 14:36:25,139 [INFO] PluginManager:220 - loadIPPluginJar : add i2c
2025-08-30 14:36:25,142 [INFO] IPUIPlugin:80 - create IPUIPlugin
2025-08-30 14:36:25,142 [INFO] PluginManager:220 - loadIPPluginJar : add mdma
2025-08-30 14:36:25,143 [INFO] IPUIPlugin:80 - create IPUIPlugin
2025-08-30 14:36:25,143 [INFO] PluginManager:220 - loadIPPluginJar : add aes
2025-08-30 14:36:25,144 [INFO] IPUIPlugin:80 - create IPUIPlugin
2025-08-30 14:36:25,144 [INFO] PluginManager:220 - loadIPPluginJar : add can
2025-08-30 14:36:25,146 [INFO] IPUIPlugin:80 - create IPUIPlugin
2025-08-30 14:36:25,147 [INFO] PluginManager:220 - loadIPPluginJar : add freertos
2025-08-30 14:36:25,148 [INFO] IPUIPlugin:80 - create IPUIPlugin
2025-08-30 14:36:25,148 [INFO] PluginManager:220 - loadIPPluginJar : add gtzc
2025-08-30 14:36:25,149 [INFO] IPUIPlugin:80 - create IPUIPlugin
2025-08-30 14:36:25,149 [INFO] PluginManager:220 - loadIPPluginJar : add ts
2025-08-30 14:36:25,152 [INFO] IPUIPlugin:80 - create IPUIPlugin
2025-08-30 14:36:25,152 [INFO] PluginManager:220 - loadIPPluginJar : add stm32_wpan
2025-08-30 14:36:25,153 [INFO] IPUIPlugin:80 - create IPUIPlugin
2025-08-30 14:36:25,153 [INFO] PluginManager:220 - loadIPPluginJar : add fatfs
2025-08-30 14:36:25,155 [INFO] IPUIPlugin:80 - create IPUIPlugin
2025-08-30 14:36:25,155 [INFO] PluginManager:220 - loadIPPluginJar : add dma
2025-08-30 14:36:25,157 [INFO] IPUIPlugin:80 - create IPUIPlugin
2025-08-30 14:36:25,157 [INFO] PluginManager:220 - loadIPPluginJar : add usbx
2025-08-30 14:36:25,158 [INFO] IPUIPlugin:80 - create IPUIPlugin
2025-08-30 14:36:25,158 [INFO] PluginManager:220 - loadIPPluginJar : add hash
2025-08-30 14:36:25,158 [INFO] IPUIPlugin:80 - create IPUIPlugin
2025-08-30 14:36:25,158 [INFO] PluginManager:220 - loadIPPluginJar : add cryp
2025-08-30 14:36:25,159 [INFO] IPUIPlugin:80 - create IPUIPlugin
2025-08-30 14:36:25,159 [INFO] PluginManager:220 - loadIPPluginJar : add openamp
2025-08-30 14:36:25,160 [INFO] IPUIPlugin:80 - create IPUIPlugin
2025-08-30 14:36:25,160 [INFO] PluginManager:220 - loadIPPluginJar : add genericplugin
2025-08-30 14:36:25,162 [INFO] IPUIPlugin:80 - create IPUIPlugin
2025-08-30 14:36:25,162 [INFO] PluginManager:220 - loadIPPluginJar : add ipddr
2025-08-30 14:36:25,163 [INFO] IPUIPlugin:80 - create IPUIPlugin
2025-08-30 14:36:25,163 [INFO] PluginManager:220 - loadIPPluginJar : add opamp
2025-08-30 14:36:25,164 [INFO] IPUIPlugin:80 - create IPUIPlugin
2025-08-30 14:36:25,164 [INFO] PluginManager:220 - loadIPPluginJar : add ltdc
2025-08-30 14:36:25,164 [INFO] IPUIPlugin:80 - create IPUIPlugin
2025-08-30 14:36:25,165 [INFO] PluginManager:220 - loadIPPluginJar : add dfsdm
2025-08-30 14:36:25,167 [INFO] IPUIPlugin:80 - create IPUIPlugin
2025-08-30 14:36:25,167 [INFO] PluginManager:220 - loadIPPluginJar : add gic
2025-08-30 14:36:25,169 [INFO] IPUIPlugin:80 - create IPUIPlugin
2025-08-30 14:36:25,169 [INFO] PluginManager:220 - loadIPPluginJar : add extmemmanager
2025-08-30 14:36:25,170 [INFO] IPUIPlugin:80 - create IPUIPlugin
2025-08-30 14:36:25,170 [INFO] PluginManager:220 - loadIPPluginJar : add ucpd
2025-08-30 14:36:25,171 [INFO] IPUIPlugin:80 - create IPUIPlugin
2025-08-30 14:36:25,171 [INFO] PluginManager:220 - loadIPPluginJar : add tracer_emb
2025-08-30 14:36:25,171 [INFO] IPUIPlugin:80 - create IPUIPlugin
2025-08-30 14:36:25,171 [INFO] PluginManager:220 - loadIPPluginJar : add radio
2025-08-30 14:36:25,173 [INFO] IPUIPlugin:80 - create IPUIPlugin
2025-08-30 14:36:25,173 [INFO] PluginManager:220 - loadIPPluginJar : add pdm2pcm
2025-08-30 14:36:25,173 [INFO] IPUIPlugin:80 - create IPUIPlugin
2025-08-30 14:36:25,174 [INFO] PluginManager:220 - loadIPPluginJar : add spi
2025-08-30 14:36:25,174 [INFO] IPUIPlugin:80 - create IPUIPlugin
2025-08-30 14:36:25,174 [INFO] PluginManager:220 - loadIPPluginJar : add tim
2025-08-30 14:36:25,177 [INFO] IPUIPlugin:80 - create IPUIPlugin
2025-08-30 14:36:25,179 [INFO] PluginManager:220 - loadIPPluginJar : add plateformsettings
2025-08-30 14:36:25,180 [INFO] IPUIPlugin:80 - create IPUIPlugin
2025-08-30 14:36:25,181 [INFO] PluginManager:220 - loadIPPluginJar : add touchsensing
2025-08-30 14:36:25,182 [INFO] IPUIPlugin:80 - create IPUIPlugin
2025-08-30 14:36:25,183 [INFO] PluginManager:220 - loadIPPluginJar : add gpio
2025-08-30 14:36:25,186 [INFO] IPUIPlugin:80 - create IPUIPlugin
2025-08-30 14:36:25,186 [INFO] PluginManager:220 - loadIPPluginJar : add adc
2025-08-30 14:36:25,190 [INFO] IPUIPlugin:80 - create IPUIPlugin
2025-08-30 14:36:25,190 [INFO] PluginManager:220 - loadIPPluginJar : add linkedlist
2025-08-30 14:36:25,191 [INFO] IPUIPlugin:80 - create IPUIPlugin
2025-08-30 14:36:25,191 [INFO] PluginManager:220 - loadIPPluginJar : add comp
2025-08-30 14:36:25,193 [INFO] IPUIPlugin:80 - create IPUIPlugin
2025-08-30 14:36:25,193 [INFO] PluginManager:220 - loadIPPluginJar : add fmc
2025-08-30 14:36:25,194 [INFO] IPUIPlugin:80 - create IPUIPlugin
2025-08-30 14:36:25,194 [INFO] PluginManager:220 - loadIPPluginJar : add tsc
2025-08-30 14:36:25,195 [INFO] IPUIPlugin:80 - create IPUIPlugin
2025-08-30 14:36:25,195 [INFO] PluginManager:220 - loadIPPluginJar : add sai
2025-08-30 14:36:25,196 [INFO] IPUIPlugin:80 - create IPUIPlugin
2025-08-30 14:36:25,196 [INFO] PluginManager:220 - loadIPPluginJar : add usart
2025-08-30 14:36:25,198 [INFO] IPUIPlugin:80 - create IPUIPlugin
2025-08-30 14:36:25,198 [INFO] PluginManager:220 - loadIPPluginJar : add nvic
2025-08-30 14:36:25,200 [INFO] IPUIPlugin:80 - create IPUIPlugin
2025-08-30 14:36:25,200 [INFO] PluginManager:220 - loadIPPluginJar : add resmgrutility
2025-08-30 14:36:25,201 [INFO] IPUIPlugin:80 - create IPUIPlugin
2025-08-30 14:36:25,201 [INFO] PluginManager:220 - loadIPPluginJar : add lorawan
2025-08-30 14:36:25,202 [INFO] IPUIPlugin:80 - create IPUIPlugin
2025-08-30 14:36:25,202 [INFO] PluginManager:220 - loadIPPluginJar : add gfxmmu
2025-08-30 14:36:25,202 [INFO] IPUIPlugin:80 - create IPUIPlugin
2025-08-30 14:36:25,203 [INFO] PluginManager:220 - loadIPPluginJar : add dma3
2025-08-30 14:36:25,204 [INFO] IPUIPlugin:80 - create IPUIPlugin
2025-08-30 14:36:25,204 [INFO] PluginManager:220 - loadIPPluginJar : add i3c
2025-08-30 14:36:25,204 [INFO] IPUIPlugin:80 - create IPUIPlugin
2025-08-30 14:36:25,204 [INFO] PluginManager:220 - loadIPPluginJar : add quadspi
2025-08-30 14:36:25,205 [INFO] IPUIPlugin:80 - create IPUIPlugin
2025-08-30 14:36:25,205 [INFO] PluginManager:220 - loadIPPluginJar : add ddr_ctrl_phy
2025-08-30 14:36:25,207 [INFO] IPUIPlugin:80 - create IPUIPlugin
2025-08-30 14:36:25,207 [INFO] PluginManager:220 - loadIPPluginJar : add i2s
2025-08-30 14:36:25,296 [FATAL] Updater:351 - Updater called before beeing initialized
2025-08-30 14:36:25,332 [INFO] RulesReader:64 - Compatibility file has been processed (317 Rules)
2025-08-30 14:36:25,348 [INFO] RulesReader:64 - Compatibility file has been processed (317 Rules)
2025-08-30 14:36:25,355 [INFO] CADModel:165 - CPN selected for project level
2025-08-30 14:36:25,355 [INFO] CADModel:114 - Register for checkConnection events
2025-08-30 14:36:25,355 [FATAL] Updater:351 - Updater called before beeing initialized
2025-08-30 14:36:25,355 [ERROR] CADModel:125 - Updater not yet initialized, retry later 
2025-08-30 14:36:25,419 [FATAL] Updater:351 - Updater called before beeing initialized
2025-08-30 14:36:25,420 [INFO] CADModel:165 - CPN selected for project level
2025-08-30 14:36:25,420 [INFO] CADModel:114 - Register for checkConnection events
2025-08-30 14:36:25,420 [FATAL] Updater:351 - Updater called before beeing initialized
2025-08-30 14:36:25,420 [ERROR] CADModel:125 - Updater not yet initialized, retry later 
2025-08-30 14:36:25,421 [FATAL] Updater:351 - Updater called before beeing initialized
2025-08-30 14:36:25,473 [FATAL] Updater:351 - Updater called before beeing initialized
2025-08-30 14:36:25,476 [INFO] DbMcusAds:53 - JSON generation date=Tue Jul 08 05:14:23 ART 2025 (1751962463582)
2025-08-30 14:36:25,476 [FATAL] Updater:351 - Updater called before beeing initialized
2025-08-30 14:36:25,497 [WARN] DetailPanel:346 - Failed to get advertising image, set to default
2025-08-30 14:36:25,546 [FATAL] Updater:351 - Updater called before beeing initialized
2025-08-30 14:36:25,547 [FATAL] Updater:351 - Updater called before beeing initialized
2025-08-30 14:36:25,547 [FATAL] Updater:351 - Updater called before beeing initialized
2025-08-30 14:36:25,547 [WARN] DetailPanel:346 - Failed to get advertising image, set to default
2025-08-30 14:36:25,548 [FATAL] Updater:351 - Updater called before beeing initialized
2025-08-30 14:36:25,572 [ERROR] Updater:1198 - MainUpdater not yet initialized. External WinMGr cannot be set.
2025-08-30 14:36:25,574 [INFO] Updater:1134 - Updater Version found : 6.15.0
2025-08-30 14:36:25,589 [INFO] ApplicationProperties:184 - Using Application install path: /opt/st/stm32cubeide_1.19.0/plugins/com.st.stm32cube.common.mx_6.15.0.202507011659
2025-08-30 14:36:25,601 [ERROR] LogOutputStream:75 - [STDERR_REDIRECT] Aug 30, 2025 2:36:25 PM java.util.prefs.FileSystemPreferences$2 run
2025-08-30 14:36:25,601 [ERROR] LogOutputStream:75 - [STDERR_REDIRECT] WARNING: Could not create system preferences directory. System preferences are unusable.
2025-08-30 14:36:25,601 [ERROR] LogOutputStream:75 - [STDERR_REDIRECT] 
2025-08-30 14:36:26,647 [INFO] MainUpdater:2872 - connection check result : 10
2025-08-30 14:36:26,648 [INFO] MainUpdater:289 - Updater Check For Update Now.
2025-08-30 14:36:26,648 [INFO] MicroXplorer:498 - Change Database Version : DB.6.0.150
2025-08-30 14:36:26,650 [INFO] McuFinderGlobals:63 - Set McuFinder mode to 2 (CubeIDE integrated)
2025-08-30 14:36:26,651 [INFO] UserAuth:487 - Internet connection configuration mode: 1
2025-08-30 14:36:26,661 [INFO] JxBrowserEngine:152 - Initiate JxBrowser Engine with user profile folder
2025-08-30 14:36:26,797 [INFO] CheckServerUpdateThread:120 - End of CheckServer Thread
2025-08-30 14:36:27,066 [INFO] WebApp:169 - Instantiating new browser for Auth
2025-08-30 14:36:27,444 [INFO] WebApp:463 - Apply proxy settings
2025-08-30 14:36:27,445 [INFO] WebApp:548 - Chromium requires no authentication
2025-08-30 14:36:27,450 [INFO] WebApp:491 - Direct internet connection detected
2025-08-30 14:36:27,461 [INFO] WebApp:900 - Register for checkConnection events
2025-08-30 14:36:27,461 [INFO] WebApp:463 - Apply proxy settings
2025-08-30 14:36:27,461 [INFO] WebApp:548 - Chromium requires no authentication
2025-08-30 14:36:27,461 [INFO] WebApp:491 - Direct internet connection detected
2025-08-30 14:36:27,550 [INFO] WebApp:225 - Starting web application
2025-08-30 14:36:27,550 [INFO] WebApp:593 - Web application path used /opt/st/stm32cubeide_1.19.0/plugins/com.st.stm32cube.common.mx_6.15.0.202507011659/db/plugins/mcufinder/reactClient1/index.html
2025-08-30 14:36:27,635 [INFO] UserAuth:487 - Internet connection configuration mode: 1
2025-08-30 14:36:27,683 [INFO] WebApp:191 - Connection restablished
2025-08-30 14:36:27,966 [WARN] PackLoader:240 - Cannot read IP mode file for STMicroelectronics.FP-SNS-MOTENVWB1.1.4.0
2025-08-30 14:36:27,971 [WARN] PackLoader:240 - Cannot read IP mode file for STMicroelectronics.FP-ATR-ASTRA1.2.0.2
2025-08-30 14:36:27,976 [WARN] PackLoader:240 - Cannot read IP mode file for STMicroelectronics.X-CUBE-SMBUS.2.1.0
2025-08-30 14:36:27,983 [WARN] PackLoader:240 - Cannot read IP mode file for STMicroelectronics.X-CUBE-DISPLAY.3.0.0
2025-08-30 14:36:27,994 [WARN] PackLoader:240 - Cannot read IP mode file for STMicroelectronics.X-CUBE-NFC10.1.0.0
2025-08-30 14:36:28,000 [WARN] PackLoader:240 - Cannot read IP mode file for STMicroelectronics.FP-SNS-SMARTAG2.1.2.0
2025-08-30 14:36:28,004 [WARN] PackLoader:240 - Cannot read IP mode file for STMicroelectronics.FP-SNS-FLIGHT1.5.1.0
2025-08-30 14:36:28,008 [WARN] PackLoader:240 - Cannot read IP mode file for STMicroelectronics.FP-SNS-MOTENV1.5.0.0
2025-08-30 14:36:28,013 [WARN] PackLoader:240 - Cannot read IP mode file for STMicroelectronics.X-CUBE-BLE2.3.3.0
2025-08-30 14:36:28,020 [WARN] PackLoader:240 - Cannot read IP mode file for STMicroelectronics.X-CUBE-NFC9.1.0.0
2025-08-30 14:36:28,026 [WARN] PackLoader:240 - Cannot read IP mode file for STMicroelectronics.X-CUBE-BLE1.7.1.0
2025-08-30 14:36:28,032 [WARN] PackLoader:240 - Cannot read IP mode file for STMicroelectronics.X-CUBE-SAFEA1.1.2.2
2025-08-30 14:36:28,037 [WARN] PackLoader:240 - Cannot read IP mode file for STMicroelectronics.X-CUBE-NFC4.3.0.0
2025-08-30 14:36:28,042 [WARN] PackLoader:240 - Cannot read IP mode file for STMicroelectronics.FP-ATR-SIGFOX1.3.2.0
2025-08-30 14:36:28,118 [WARN] PackLoader:240 - Cannot read IP mode file for STMicroelectronics.X-CUBE-MEMS1.11.3.0
2025-08-30 14:36:28,262 [WARN] PackLoader:240 - Cannot read IP mode file for STMicroelectronics.X-CUBE-ISPU.2.1.0
2025-08-30 14:36:28,267 [WARN] PackLoader:240 - Cannot read IP mode file for STMicroelectronics.X-CUBE-NFC6.3.1.0
2025-08-30 14:36:28,273 [WARN] PackLoader:240 - Cannot read IP mode file for STMicroelectronics.X-CUBE-FREERTOS.1.3.1
2025-08-30 14:36:28,278 [WARN] PackLoader:240 - Cannot read IP mode file for STMicroelectronics.X-CUBE-DPower.1.3.0
2025-08-30 14:36:28,294 [WARN] PackLoader:240 - Cannot read IP mode file for STMicroelectronics.X-CUBE-SFXS2LP1.4.0.0
2025-08-30 14:36:28,299 [WARN] PackLoader:240 - Cannot read IP mode file for STMicroelectronics.X-CUBE-GNSS1.7.0.1
2025-08-30 14:36:28,305 [WARN] PackLoader:240 - Cannot read IP mode file for STMicroelectronics.X-CUBE-SUBG2.5.0.0
2025-08-30 14:36:28,311 [WARN] PackLoader:240 - Cannot read IP mode file for STMicroelectronics.X-CUBE-NFC7.2.0.0
2025-08-30 14:36:28,319 [WARN] PackLoader:240 - Cannot read IP mode file for STMicroelectronics.X-CUBE-IPS.3.1.0
2025-08-30 14:36:28,325 [WARN] PackLoader:240 - Cannot read IP mode file for STMicroelectronics.X-CUBE-ALS.1.0.2
2025-08-30 14:36:28,326 [INFO] ThirdParty:978 - Integrity check success = true
2025-08-30 14:36:28,327 [INFO] IntegrityCheckThread:100 - exiting critical section [integrity check]
2025-08-30 14:36:28,327 [INFO] IntegrityCheckThread:103 - End integrity checks thread
2025-08-30 14:36:51,462 [ERROR] LogOutputStream:75 - [STDERR_REDIRECT] Aug 30, 2025 2:36:51 PM java.util.prefs.FileSystemPreferences checkLockFile0ErrorCode
2025-08-30 14:36:51,463 [ERROR] LogOutputStream:75 - [STDERR_REDIRECT] WARNING: Could not lock System prefs. Unix error code 2.
2025-08-30 14:36:51,463 [ERROR] LogOutputStream:75 - [STDERR_REDIRECT] 
2025-08-30 14:36:51,465 [ERROR] LogOutputStream:75 - [STDERR_REDIRECT] Aug 30, 2025 2:36:51 PM java.util.prefs.FileSystemPreferences syncWorld
2025-08-30 14:36:51,465 [ERROR] LogOutputStream:75 - [STDERR_REDIRECT] WARNING: Couldn't flush system prefs: java.util.prefs.BackingStoreException: Couldn't get file lock.
2025-08-30 14:36:51,465 [ERROR] LogOutputStream:75 - [STDERR_REDIRECT] 
2025-08-30 14:37:21,463 [ERROR] LogOutputStream:75 - [STDERR_REDIRECT] Aug 30, 2025 2:37:21 PM java.util.prefs.FileSystemPreferences checkLockFile0ErrorCode
2025-08-30 14:37:21,464 [ERROR] LogOutputStream:75 - [STDERR_REDIRECT] WARNING: Could not lock System prefs. Unix error code 2.
2025-08-30 14:37:21,464 [ERROR] LogOutputStream:75 - [STDERR_REDIRECT] 
2025-08-30 14:37:21,465 [ERROR] LogOutputStream:75 - [STDERR_REDIRECT] Aug 30, 2025 2:37:21 PM java.util.prefs.FileSystemPreferences syncWorld
2025-08-30 14:37:21,465 [ERROR] LogOutputStream:75 - [STDERR_REDIRECT] WARNING: Couldn't flush system prefs: java.util.prefs.BackingStoreException: Couldn't get file lock.
2025-08-30 14:37:21,466 [ERROR] LogOutputStream:75 - [STDERR_REDIRECT] 
2025-08-30 14:37:51,456 [ERROR] LogOutputStream:75 - [STDERR_REDIRECT] Aug 30, 2025 2:37:51 PM java.util.prefs.FileSystemPreferences checkLockFile0ErrorCode
2025-08-30 14:37:51,456 [ERROR] LogOutputStream:75 - [STDERR_REDIRECT] WARNING: Could not lock System prefs. Unix error code 2.
2025-08-30 14:37:51,456 [ERROR] LogOutputStream:75 - [STDERR_REDIRECT] 
2025-08-30 14:37:51,456 [ERROR] LogOutputStream:75 - [STDERR_REDIRECT] Aug 30, 2025 2:37:51 PM java.util.prefs.FileSystemPreferences syncWorld
2025-08-30 14:37:51,456 [ERROR] LogOutputStream:75 - [STDERR_REDIRECT] WARNING: Couldn't flush system prefs: java.util.prefs.BackingStoreException: Couldn't get file lock.
2025-08-30 14:37:51,457 [ERROR] LogOutputStream:75 - [STDERR_REDIRECT] 
2025-08-30 14:38:21,457 [ERROR] LogOutputStream:75 - [STDERR_REDIRECT] Aug 30, 2025 2:38:21 PM java.util.prefs.FileSystemPreferences checkLockFile0ErrorCode
2025-08-30 14:38:21,458 [ERROR] LogOutputStream:75 - [STDERR_REDIRECT] WARNING: Could not lock System prefs. Unix error code 2.
2025-08-30 14:38:21,458 [ERROR] LogOutputStream:75 - [STDERR_REDIRECT] 
2025-08-30 14:38:21,458 [ERROR] LogOutputStream:75 - [STDERR_REDIRECT] Aug 30, 2025 2:38:21 PM java.util.prefs.FileSystemPreferences syncWorld
2025-08-30 14:38:21,459 [ERROR] LogOutputStream:75 - [STDERR_REDIRECT] WARNING: Couldn't flush system prefs: java.util.prefs.BackingStoreException: Couldn't get file lock.
2025-08-30 14:38:21,459 [ERROR] LogOutputStream:75 - [STDERR_REDIRECT] 
2025-08-30 14:38:51,456 [ERROR] LogOutputStream:75 - [STDERR_REDIRECT] Aug 30, 2025 2:38:51 PM java.util.prefs.FileSystemPreferences checkLockFile0ErrorCode
2025-08-30 14:38:51,457 [ERROR] LogOutputStream:75 - [STDERR_REDIRECT] WARNING: Could not lock System prefs. Unix error code 2.
2025-08-30 14:38:51,457 [ERROR] LogOutputStream:75 - [STDERR_REDIRECT] 
2025-08-30 14:38:51,457 [ERROR] LogOutputStream:75 - [STDERR_REDIRECT] Aug 30, 2025 2:38:51 PM java.util.prefs.FileSystemPreferences syncWorld
2025-08-30 14:38:51,458 [ERROR] LogOutputStream:75 - [STDERR_REDIRECT] WARNING: Couldn't flush system prefs: java.util.prefs.BackingStoreException: Couldn't get file lock.
2025-08-30 14:38:51,458 [ERROR] LogOutputStream:75 - [STDERR_REDIRECT] 
2025-08-30 14:39:21,457 [ERROR] LogOutputStream:75 - [STDERR_REDIRECT] Aug 30, 2025 2:39:21 PM java.util.prefs.FileSystemPreferences checkLockFile0ErrorCode
2025-08-30 14:39:21,457 [ERROR] LogOutputStream:75 - [STDERR_REDIRECT] WARNING: Could not lock System prefs. Unix error code 2.
2025-08-30 14:39:21,457 [ERROR] LogOutputStream:75 - [STDERR_REDIRECT] 
2025-08-30 14:39:21,458 [ERROR] LogOutputStream:75 - [STDERR_REDIRECT] Aug 30, 2025 2:39:21 PM java.util.prefs.FileSystemPreferences syncWorld
2025-08-30 14:39:21,458 [ERROR] LogOutputStream:75 - [STDERR_REDIRECT] WARNING: Couldn't flush system prefs: java.util.prefs.BackingStoreException: Couldn't get file lock.
2025-08-30 14:39:21,459 [ERROR] LogOutputStream:75 - [STDERR_REDIRECT] 
2025-08-30 14:39:51,457 [ERROR] LogOutputStream:75 - [STDERR_REDIRECT] Aug 30, 2025 2:39:51 PM java.util.prefs.FileSystemPreferences checkLockFile0ErrorCode
2025-08-30 14:39:51,457 [ERROR] LogOutputStream:75 - [STDERR_REDIRECT] WARNING: Could not lock System prefs. Unix error code 2.
2025-08-30 14:39:51,468 [ERROR] LogOutputStream:75 - [STDERR_REDIRECT] 
2025-08-30 14:39:51,468 [ERROR] LogOutputStream:75 - [STDERR_REDIRECT] Aug 30, 2025 2:39:51 PM java.util.prefs.FileSystemPreferences syncWorld
2025-08-30 14:39:51,469 [ERROR] LogOutputStream:75 - [STDERR_REDIRECT] WARNING: Couldn't flush system prefs: java.util.prefs.BackingStoreException: Couldn't get file lock.
2025-08-30 14:39:51,469 [ERROR] LogOutputStream:75 - [STDERR_REDIRECT] 
2025-08-30 14:40:21,457 [ERROR] LogOutputStream:75 - [STDERR_REDIRECT] Aug 30, 2025 2:40:21 PM java.util.prefs.FileSystemPreferences checkLockFile0ErrorCode
2025-08-30 14:40:21,457 [ERROR] LogOutputStream:75 - [STDERR_REDIRECT] WARNING: Could not lock System prefs. Unix error code 2.
2025-08-30 14:40:21,457 [ERROR] LogOutputStream:75 - [STDERR_REDIRECT] 
2025-08-30 14:40:21,458 [ERROR] LogOutputStream:75 - [STDERR_REDIRECT] Aug 30, 2025 2:40:21 PM java.util.prefs.FileSystemPreferences syncWorld
2025-08-30 14:40:21,458 [ERROR] LogOutputStream:75 - [STDERR_REDIRECT] WARNING: Couldn't flush system prefs: java.util.prefs.BackingStoreException: Couldn't get file lock.
2025-08-30 14:40:21,458 [ERROR] LogOutputStream:75 - [STDERR_REDIRECT] 
2025-08-30 14:40:51,457 [ERROR] LogOutputStream:75 - [STDERR_REDIRECT] Aug 30, 2025 2:40:51 PM java.util.prefs.FileSystemPreferences checkLockFile0ErrorCode
2025-08-30 14:40:51,458 [ERROR] LogOutputStream:75 - [STDERR_REDIRECT] WARNING: Could not lock System prefs. Unix error code 2.
2025-08-30 14:40:51,458 [ERROR] LogOutputStream:75 - [STDERR_REDIRECT] 
2025-08-30 14:40:51,459 [ERROR] LogOutputStream:75 - [STDERR_REDIRECT] Aug 30, 2025 2:40:51 PM java.util.prefs.FileSystemPreferences syncWorld
2025-08-30 14:40:51,459 [ERROR] LogOutputStream:75 - [STDERR_REDIRECT] WARNING: Couldn't flush system prefs: java.util.prefs.BackingStoreException: Couldn't get file lock.
2025-08-30 14:40:51,459 [ERROR] LogOutputStream:75 - [STDERR_REDIRECT] 
2025-08-30 14:41:21,458 [ERROR] LogOutputStream:75 - [STDERR_REDIRECT] Aug 30, 2025 2:41:21 PM java.util.prefs.FileSystemPreferences checkLockFile0ErrorCode
2025-08-30 14:41:21,458 [ERROR] LogOutputStream:75 - [STDERR_REDIRECT] WARNING: Could not lock System prefs. Unix error code 2.
2025-08-30 14:41:21,459 [ERROR] LogOutputStream:75 - [STDERR_REDIRECT] 
2025-08-30 14:41:21,459 [ERROR] LogOutputStream:75 - [STDERR_REDIRECT] Aug 30, 2025 2:41:21 PM java.util.prefs.FileSystemPreferences syncWorld
2025-08-30 14:41:21,460 [ERROR] LogOutputStream:75 - [STDERR_REDIRECT] WARNING: Couldn't flush system prefs: java.util.prefs.BackingStoreException: Couldn't get file lock.
2025-08-30 14:41:21,460 [ERROR] LogOutputStream:75 - [STDERR_REDIRECT] 
2025-08-30 14:41:51,457 [ERROR] LogOutputStream:75 - [STDERR_REDIRECT] Aug 30, 2025 2:41:51 PM java.util.prefs.FileSystemPreferences checkLockFile0ErrorCode
2025-08-30 14:41:51,458 [ERROR] LogOutputStream:75 - [STDERR_REDIRECT] WARNING: Could not lock System prefs. Unix error code 2.
2025-08-30 14:41:51,458 [ERROR] LogOutputStream:75 - [STDERR_REDIRECT] 
2025-08-30 14:41:51,459 [ERROR] LogOutputStream:75 - [STDERR_REDIRECT] Aug 30, 2025 2:41:51 PM java.util.prefs.FileSystemPreferences syncWorld
2025-08-30 14:41:51,459 [ERROR] LogOutputStream:75 - [STDERR_REDIRECT] WARNING: Couldn't flush system prefs: java.util.prefs.BackingStoreException: Couldn't get file lock.
2025-08-30 14:41:51,460 [ERROR] LogOutputStream:75 - [STDERR_REDIRECT] 
2025-08-30 14:42:21,458 [ERROR] LogOutputStream:75 - [STDERR_REDIRECT] Aug 30, 2025 2:42:21 PM java.util.prefs.FileSystemPreferences checkLockFile0ErrorCode
2025-08-30 14:42:21,458 [ERROR] LogOutputStream:75 - [STDERR_REDIRECT] WARNING: Could not lock System prefs. Unix error code 2.
2025-08-30 14:42:21,458 [ERROR] LogOutputStream:75 - [STDERR_REDIRECT] 
2025-08-30 14:42:21,459 [ERROR] LogOutputStream:75 - [STDERR_REDIRECT] Aug 30, 2025 2:42:21 PM java.util.prefs.FileSystemPreferences syncWorld
2025-08-30 14:42:21,459 [ERROR] LogOutputStream:75 - [STDERR_REDIRECT] WARNING: Couldn't flush system prefs: java.util.prefs.BackingStoreException: Couldn't get file lock.
2025-08-30 14:42:21,459 [ERROR] LogOutputStream:75 - [STDERR_REDIRECT] 
2025-08-30 14:42:51,458 [ERROR] LogOutputStream:75 - [STDERR_REDIRECT] Aug 30, 2025 2:42:51 PM java.util.prefs.FileSystemPreferences checkLockFile0ErrorCode
2025-08-30 14:42:51,458 [ERROR] LogOutputStream:75 - [STDERR_REDIRECT] WARNING: Could not lock System prefs. Unix error code 2.
2025-08-30 14:42:51,458 [ERROR] LogOutputStream:75 - [STDERR_REDIRECT] 
2025-08-30 14:42:51,459 [ERROR] LogOutputStream:75 - [STDERR_REDIRECT] Aug 30, 2025 2:42:51 PM java.util.prefs.FileSystemPreferences syncWorld
2025-08-30 14:42:51,459 [ERROR] LogOutputStream:75 - [STDERR_REDIRECT] WARNING: Couldn't flush system prefs: java.util.prefs.BackingStoreException: Couldn't get file lock.
2025-08-30 14:42:51,459 [ERROR] LogOutputStream:75 - [STDERR_REDIRECT] 
2025-08-30 14:43:21,457 [ERROR] LogOutputStream:75 - [STDERR_REDIRECT] Aug 30, 2025 2:43:21 PM java.util.prefs.FileSystemPreferences checkLockFile0ErrorCode
2025-08-30 14:43:21,457 [ERROR] LogOutputStream:75 - [STDERR_REDIRECT] WARNING: Could not lock System prefs. Unix error code 2.
2025-08-30 14:43:21,457 [ERROR] LogOutputStream:75 - [STDERR_REDIRECT] 
2025-08-30 14:43:21,458 [ERROR] LogOutputStream:75 - [STDERR_REDIRECT] Aug 30, 2025 2:43:21 PM java.util.prefs.FileSystemPreferences syncWorld
2025-08-30 14:43:21,458 [ERROR] LogOutputStream:75 - [STDERR_REDIRECT] WARNING: Couldn't flush system prefs: java.util.prefs.BackingStoreException: Couldn't get file lock.
2025-08-30 14:43:21,458 [ERROR] LogOutputStream:75 - [STDERR_REDIRECT] 
2025-08-30 14:43:51,458 [ERROR] LogOutputStream:75 - [STDERR_REDIRECT] Aug 30, 2025 2:43:51 PM java.util.prefs.FileSystemPreferences checkLockFile0ErrorCode
2025-08-30 14:43:51,459 [ERROR] LogOutputStream:75 - [STDERR_REDIRECT] WARNING: Could not lock System prefs. Unix error code 2.
2025-08-30 14:43:51,459 [ERROR] LogOutputStream:75 - [STDERR_REDIRECT] 
2025-08-30 14:43:51,459 [ERROR] LogOutputStream:75 - [STDERR_REDIRECT] Aug 30, 2025 2:43:51 PM java.util.prefs.FileSystemPreferences syncWorld
2025-08-30 14:43:51,460 [ERROR] LogOutputStream:75 - [STDERR_REDIRECT] WARNING: Couldn't flush system prefs: java.util.prefs.BackingStoreException: Couldn't get file lock.
2025-08-30 14:43:51,460 [ERROR] LogOutputStream:75 - [STDERR_REDIRECT] 
2025-08-30 14:44:21,458 [ERROR] LogOutputStream:75 - [STDERR_REDIRECT] Aug 30, 2025 2:44:21 PM java.util.prefs.FileSystemPreferences checkLockFile0ErrorCode
2025-08-30 14:44:21,458 [ERROR] LogOutputStream:75 - [STDERR_REDIRECT] WARNING: Could not lock System prefs. Unix error code 2.
2025-08-30 14:44:21,458 [ERROR] LogOutputStream:75 - [STDERR_REDIRECT] 
2025-08-30 14:44:21,459 [ERROR] LogOutputStream:75 - [STDERR_REDIRECT] Aug 30, 2025 2:44:21 PM java.util.prefs.FileSystemPreferences syncWorld
2025-08-30 14:44:21,459 [ERROR] LogOutputStream:75 - [STDERR_REDIRECT] WARNING: Couldn't flush system prefs: java.util.prefs.BackingStoreException: Couldn't get file lock.
2025-08-30 14:44:21,459 [ERROR] LogOutputStream:75 - [STDERR_REDIRECT] 
2025-08-30 14:44:51,458 [ERROR] LogOutputStream:75 - [STDERR_REDIRECT] Aug 30, 2025 2:44:51 PM java.util.prefs.FileSystemPreferences checkLockFile0ErrorCode
2025-08-30 14:44:51,458 [ERROR] LogOutputStream:75 - [STDERR_REDIRECT] WARNING: Could not lock System prefs. Unix error code 2.
2025-08-30 14:44:51,459 [ERROR] LogOutputStream:75 - [STDERR_REDIRECT] 
2025-08-30 14:44:51,459 [ERROR] LogOutputStream:75 - [STDERR_REDIRECT] Aug 30, 2025 2:44:51 PM java.util.prefs.FileSystemPreferences syncWorld
2025-08-30 14:44:51,459 [ERROR] LogOutputStream:75 - [STDERR_REDIRECT] WARNING: Couldn't flush system prefs: java.util.prefs.BackingStoreException: Couldn't get file lock.
2025-08-30 14:44:51,460 [ERROR] LogOutputStream:75 - [STDERR_REDIRECT] 
2025-08-30 14:45:21,457 [ERROR] LogOutputStream:75 - [STDERR_REDIRECT] Aug 30, 2025 2:45:21 PM java.util.prefs.FileSystemPreferences checkLockFile0ErrorCode
2025-08-30 14:45:21,457 [ERROR] LogOutputStream:75 - [STDERR_REDIRECT] WARNING: Could not lock System prefs. Unix error code 2.
2025-08-30 14:45:21,457 [ERROR] LogOutputStream:75 - [STDERR_REDIRECT] 
2025-08-30 14:45:21,458 [ERROR] LogOutputStream:75 - [STDERR_REDIRECT] Aug 30, 2025 2:45:21 PM java.util.prefs.FileSystemPreferences syncWorld
2025-08-30 14:45:21,458 [ERROR] LogOutputStream:75 - [STDERR_REDIRECT] WARNING: Couldn't flush system prefs: java.util.prefs.BackingStoreException: Couldn't get file lock.
2025-08-30 14:45:21,458 [ERROR] LogOutputStream:75 - [STDERR_REDIRECT] 
2025-08-30 14:45:51,458 [ERROR] LogOutputStream:75 - [STDERR_REDIRECT] Aug 30, 2025 2:45:51 PM java.util.prefs.FileSystemPreferences checkLockFile0ErrorCode
2025-08-30 14:45:51,459 [ERROR] LogOutputStream:75 - [STDERR_REDIRECT] WARNING: Could not lock System prefs. Unix error code 2.
2025-08-30 14:45:51,459 [ERROR] LogOutputStream:75 - [STDERR_REDIRECT] 
2025-08-30 14:45:51,459 [ERROR] LogOutputStream:75 - [STDERR_REDIRECT] Aug 30, 2025 2:45:51 PM java.util.prefs.FileSystemPreferences syncWorld
2025-08-30 14:45:51,459 [ERROR] LogOutputStream:75 - [STDERR_REDIRECT] WARNING: Couldn't flush system prefs: java.util.prefs.BackingStoreException: Couldn't get file lock.
2025-08-30 14:45:51,460 [ERROR] LogOutputStream:75 - [STDERR_REDIRECT] 
2025-08-30 14:46:21,458 [ERROR] LogOutputStream:75 - [STDERR_REDIRECT] Aug 30, 2025 2:46:21 PM java.util.prefs.FileSystemPreferences checkLockFile0ErrorCode
2025-08-30 14:46:21,458 [ERROR] LogOutputStream:75 - [STDERR_REDIRECT] WARNING: Could not lock System prefs. Unix error code 2.
2025-08-30 14:46:21,459 [ERROR] LogOutputStream:75 - [STDERR_REDIRECT] 
2025-08-30 14:46:21,459 [ERROR] LogOutputStream:75 - [STDERR_REDIRECT] Aug 30, 2025 2:46:21 PM java.util.prefs.FileSystemPreferences syncWorld
2025-08-30 14:46:21,459 [ERROR] LogOutputStream:75 - [STDERR_REDIRECT] WARNING: Couldn't flush system prefs: java.util.prefs.BackingStoreException: Couldn't get file lock.
2025-08-30 14:46:21,460 [ERROR] LogOutputStream:75 - [STDERR_REDIRECT] 
2025-08-30 14:46:51,458 [ERROR] LogOutputStream:75 - [STDERR_REDIRECT] Aug 30, 2025 2:46:51 PM java.util.prefs.FileSystemPreferences checkLockFile0ErrorCode
2025-08-30 14:46:51,458 [ERROR] LogOutputStream:75 - [STDERR_REDIRECT] WARNING: Could not lock System prefs. Unix error code 2.
2025-08-30 14:46:51,459 [ERROR] LogOutputStream:75 - [STDERR_REDIRECT] 
2025-08-30 14:46:51,459 [ERROR] LogOutputStream:75 - [STDERR_REDIRECT] Aug 30, 2025 2:46:51 PM java.util.prefs.FileSystemPreferences syncWorld
2025-08-30 14:46:51,460 [ERROR] LogOutputStream:75 - [STDERR_REDIRECT] WARNING: Couldn't flush system prefs: java.util.prefs.BackingStoreException: Couldn't get file lock.
2025-08-30 14:46:51,460 [ERROR] LogOutputStream:75 - [STDERR_REDIRECT] 
2025-08-30 14:47:21,458 [ERROR] LogOutputStream:75 - [STDERR_REDIRECT] Aug 30, 2025 2:47:21 PM java.util.prefs.FileSystemPreferences checkLockFile0ErrorCode
2025-08-30 14:47:21,458 [ERROR] LogOutputStream:75 - [STDERR_REDIRECT] WARNING: Could not lock System prefs. Unix error code 2.
2025-08-30 14:47:21,458 [ERROR] LogOutputStream:75 - [STDERR_REDIRECT] 
2025-08-30 14:47:21,459 [ERROR] LogOutputStream:75 - [STDERR_REDIRECT] Aug 30, 2025 2:47:21 PM java.util.prefs.FileSystemPreferences syncWorld
2025-08-30 14:47:21,459 [ERROR] LogOutputStream:75 - [STDERR_REDIRECT] WARNING: Couldn't flush system prefs: java.util.prefs.BackingStoreException: Couldn't get file lock.
2025-08-30 14:47:21,459 [ERROR] LogOutputStream:75 - [STDERR_REDIRECT] 
2025-08-30 14:47:51,458 [ERROR] LogOutputStream:75 - [STDERR_REDIRECT] Aug 30, 2025 2:47:51 PM java.util.prefs.FileSystemPreferences checkLockFile0ErrorCode
2025-08-30 14:47:51,458 [ERROR] LogOutputStream:75 - [STDERR_REDIRECT] WARNING: Could not lock System prefs. Unix error code 2.
2025-08-30 14:47:51,458 [ERROR] LogOutputStream:75 - [STDERR_REDIRECT] 
2025-08-30 14:47:51,458 [ERROR] LogOutputStream:75 - [STDERR_REDIRECT] Aug 30, 2025 2:47:51 PM java.util.prefs.FileSystemPreferences syncWorld
2025-08-30 14:47:51,458 [ERROR] LogOutputStream:75 - [STDERR_REDIRECT] WARNING: Couldn't flush system prefs: java.util.prefs.BackingStoreException: Couldn't get file lock.
2025-08-30 14:47:51,459 [ERROR] LogOutputStream:75 - [STDERR_REDIRECT] 
2025-08-30 14:48:21,458 [ERROR] LogOutputStream:75 - [STDERR_REDIRECT] Aug 30, 2025 2:48:21 PM java.util.prefs.FileSystemPreferences checkLockFile0ErrorCode
2025-08-30 14:48:21,458 [ERROR] LogOutputStream:75 - [STDERR_REDIRECT] WARNING: Could not lock System prefs. Unix error code 2.
2025-08-30 14:48:21,459 [ERROR] LogOutputStream:75 - [STDERR_REDIRECT] 
2025-08-30 14:48:21,459 [ERROR] LogOutputStream:75 - [STDERR_REDIRECT] Aug 30, 2025 2:48:21 PM java.util.prefs.FileSystemPreferences syncWorld
2025-08-30 14:48:21,459 [ERROR] LogOutputStream:75 - [STDERR_REDIRECT] WARNING: Couldn't flush system prefs: java.util.prefs.BackingStoreException: Couldn't get file lock.
2025-08-30 14:48:21,460 [ERROR] LogOutputStream:75 - [STDERR_REDIRECT] 
2025-08-30 14:48:51,458 [ERROR] LogOutputStream:75 - [STDERR_REDIRECT] Aug 30, 2025 2:48:51 PM java.util.prefs.FileSystemPreferences checkLockFile0ErrorCode
2025-08-30 14:48:51,458 [ERROR] LogOutputStream:75 - [STDERR_REDIRECT] WARNING: Could not lock System prefs. Unix error code 2.
2025-08-30 14:48:51,458 [ERROR] LogOutputStream:75 - [STDERR_REDIRECT] 
2025-08-30 14:48:51,459 [ERROR] LogOutputStream:75 - [STDERR_REDIRECT] Aug 30, 2025 2:48:51 PM java.util.prefs.FileSystemPreferences syncWorld
2025-08-30 14:48:51,459 [ERROR] LogOutputStream:75 - [STDERR_REDIRECT] WARNING: Couldn't flush system prefs: java.util.prefs.BackingStoreException: Couldn't get file lock.
2025-08-30 14:48:51,459 [ERROR] LogOutputStream:75 - [STDERR_REDIRECT] 
2025-08-30 14:49:21,459 [ERROR] LogOutputStream:75 - [STDERR_REDIRECT] Aug 30, 2025 2:49:21 PM java.util.prefs.FileSystemPreferences checkLockFile0ErrorCode
2025-08-30 14:49:21,459 [ERROR] LogOutputStream:75 - [STDERR_REDIRECT] WARNING: Could not lock System prefs. Unix error code 2.
2025-08-30 14:49:21,459 [ERROR] LogOutputStream:75 - [STDERR_REDIRECT] 
2025-08-30 14:49:21,460 [ERROR] LogOutputStream:75 - [STDERR_REDIRECT] Aug 30, 2025 2:49:21 PM java.util.prefs.FileSystemPreferences syncWorld
2025-08-30 14:49:21,460 [ERROR] LogOutputStream:75 - [STDERR_REDIRECT] WARNING: Couldn't flush system prefs: java.util.prefs.BackingStoreException: Couldn't get file lock.
2025-08-30 14:49:21,460 [ERROR] LogOutputStream:75 - [STDERR_REDIRECT] 
2025-08-30 14:49:26,164 [ERROR] LogOutputStream:75 - [STDERR_REDIRECT] 
2025-08-30 14:49:26,165 [ERROR] LogOutputStream:75 - [STDERR_REDIRECT] 
